{
  "RSpec": {
    "coverage": {
      "/home/gmargarido/Projects/expensescontrol/config/environment.rb": [
        null,
        1,
        null,
        null,
        1
      ],
      "/home/gmargarido/Projects/expensescontrol/config/application.rb": [
        1,
        null,
        1,
        null,
        1,
        1,
        1,
        1,
        1,
        1,
        1,
        1,
        null,
        null,
        null,
        null,
        1,
        null,
        1,
        1,
        null,
        1,
        null,
        null,
        null,
        null,
        null,
        null,
        1,
        null,
        null
      ],
      "/home/gmargarido/Projects/expensescontrol/config/boot.rb": [
        1,
        null,
        1
      ],
      "/home/gmargarido/Projects/expensescontrol/config/environments/test.rb": [
        1,
        null,
        null,
        null,
        null,
        null,
        null,
        1,
        null,
        null,
        null,
        null,
        1,
        null,
        null,
        1,
        1,
        null,
        null,
        null,
        null,
        1,
        1,
        null,
        null,
        1,
        null,
        null,
        1,
        1,
        null,
        null,
        null,
        null,
        1,
        null,
        null,
        1,
        null,
        null,
        null,
        null
      ],
      "/home/gmargarido/Projects/expensescontrol/config/initializers/application_controller_renderer.rb": [
        null,
        null,
        null,
        null,
        null,
        null,
        null,
        null
      ],
      "/home/gmargarido/Projects/expensescontrol/config/initializers/assets.rb": [
        null,
        null,
        null,
        1,
        null,
        null,
        null,
        null,
        1,
        null,
        null,
        null,
        null,
        null
      ],
      "/home/gmargarido/Projects/expensescontrol/config/initializers/backtrace_silencers.rb": [
        null,
        null,
        null,
        null,
        null,
        null,
        null
      ],
      "/home/gmargarido/Projects/expensescontrol/config/initializers/cookies_serializer.rb": [
        null,
        null,
        null,
        null,
        1
      ],
      "/home/gmargarido/Projects/expensescontrol/config/initializers/filter_parameter_logging.rb": [
        null,
        null,
        null,
        1
      ],
      "/home/gmargarido/Projects/expensescontrol/config/initializers/inflections.rb": [
        null,
        null,
        null,
        null,
        null,
        null,
        null,
        null,
        null,
        null,
        null,
        null,
        null,
        null,
        null,
        null
      ],
      "/home/gmargarido/Projects/expensescontrol/config/initializers/mime_types.rb": [
        null,
        null,
        null,
        null
      ],
      "/home/gmargarido/Projects/expensescontrol/config/initializers/wrap_parameters.rb": [
        null,
        null,
        null,
        null,
        null,
        null,
        1,
        2,
        null,
        null,
        null,
        null,
        null,
        null
      ],
      "/home/gmargarido/Projects/expensescontrol/config/routes.rb": [
        1,
        null,
        null,
        1,
        null,
        1,
        1,
        null,
        null
      ],
      "/home/gmargarido/Projects/expensescontrol/app/helpers/application_helper.rb": [
        1,
        null
      ],
      "/home/gmargarido/Projects/expensescontrol/spec/features/visitor_create_report_add_expense_spec.rb": [
        1,
        null,
        1,
        1,
        null,
        1,
        null,
        null,
        null,
        null,
        null,
        1,
        1,
        1,
        1,
        1,
        1,
        1,
        null,
        null,
        1,
        1,
        null,
        null
      ],
      "/home/gmargarido/Projects/expensescontrol/spec/features/visitor_view_expense_report_spec.rb": [
        1,
        null,
        1,
        1,
        null,
        1,
        null,
        null,
        null,
        null,
        1,
        null,
        null,
        1,
        1,
        null,
        null,
        1,
        null,
        null,
        1,
        1,
        1,
        1,
        1,
        1,
        1,
        null,
        null,
        1,
        null,
        null,
        1,
        null,
        null,
        1,
        1,
        1,
        1,
        1,
        1,
        1,
        null,
        null,
        1,
        null,
        null
      ],
      "/home/gmargarido/Projects/expensescontrol/spec/features/visitor_view_expense_spec.rb": [
        1,
        null,
        1,
        1,
        null,
        1,
        null,
        null,
        null,
        1,
        null,
        null,
        1,
        1,
        null,
        null,
        1,
        1,
        1,
        1,
        null,
        null
      ],
      "/home/gmargarido/Projects/expensescontrol/spec/features/visitor_visit_root_path_spec.rb": [
        1,
        null,
        1,
        1,
        1,
        null,
        1,
        null,
        null
      ],
      "/home/gmargarido/Projects/expensescontrol/spec/models/expense_report_spec.rb": [
        1,
        null,
        1,
        null,
        null
      ],
      "/home/gmargarido/Projects/expensescontrol/app/models/expense_report.rb": [
        1,
        1,
        1,
        null
      ],
      "/home/gmargarido/Projects/expensescontrol/app/models/application_record.rb": [
        1,
        1,
        null
      ],
      "/home/gmargarido/Projects/expensescontrol/spec/models/expense_spec.rb": [
        1,
        null,
        1,
        null,
        null
      ],
      "/home/gmargarido/Projects/expensescontrol/app/models/expense.rb": [
        1,
        1,
        1,
        null
      ],
      "/home/gmargarido/Projects/expensescontrol/app/controllers/home_controller.rb": [
        1,
        1,
        8,
        8,
        null,
        null
      ],
      "/home/gmargarido/Projects/expensescontrol/app/controllers/application_controller.rb": [
        1,
        1,
        null
      ],
      "/home/gmargarido/Projects/expensescontrol/app/controllers/expense_reports_controller.rb": [
        1,
        1,
        7,
        null,
        null,
        1,
        2,
        null,
        null,
        1,
        2,
        null,
        null,
        2,
        null,
        2,
        1,
        null,
        1,
        1,
        null,
        null,
        null
      ],
      "/home/gmargarido/Projects/expensescontrol/app/controllers/expenses_controller.rb": [
        1,
        1,
        3,
        3,
        null,
        null,
        1,
        3,
        3,
        null,
        3,
        2,
        null,
        1,
        1,
        null,
        null,
        null,
        1,
        null,
        1,
        3,
        null,
        null
      ]
    },
    "timestamp": 1525382272
  }
}
